# JRE version: Java(TM) SE Runtime Environment (8.0_121-b13) (build 1.8.0_121-b13)
# Java VM: Java HotSpot(TM) 64-Bit Server VM (25.121-b13 mixed mode bsd-amd64 compressed oops)
Heap:
 PSYoungGen      total 301568K, used 273902K [0x0000000795580000, 0x00000007b7000000, 0x00000007c0000000)
  eden space 274432K, 99% used [0x0000000795580000,0x00000007a60fbb80,0x00000007a6180000)
  from space 27136K, 0% used [0x00000007a8500000,0x00000007a8500000,0x00000007a9f80000)
  to   space 36352K, 0% used [0x00000007a6180000,0x00000007a6180000,0x00000007a8500000)
 ParOldGen       total 131584K, used 60319K [0x0000000740000000, 0x0000000748080000, 0x0000000795580000)
  object space 131584K, 45% used [0x0000000740000000,0x0000000743ae7c80,0x0000000748080000)
 Metaspace       used 36306K, capacity 37448K, committed 37760K, reserved 1083392K
  class space    used 4239K, capacity 4625K, committed 4736K, reserved 1048576K
GC Heap History (10 events):
Event: 10.784 GC heap before
{Heap before GC invocations=6 (full 1):
 PSYoungGen      total 138240K, used 5104K [0x0000000795580000, 0x00000007a7c80000, 0x00000007c0000000)
  eden space 133120K, 0% used [0x0000000795580000,0x0000000795580000,0x000000079d780000)
  from space 5120K, 99% used [0x000000079d780000,0x000000079dc7c010,0x000000079dc80000)
  to   space 17920K, 0% used [0x00000007a6b00000,0x00000007a6b00000,0x00000007a7c80000)
 ParOldGen       total 87552K, used 26027K [0x0000000740000000, 0x0000000745580000, 0x0000000795580000)
  object space 87552K, 29% used [0x0000000740000000,0x000000074196ae80,0x0000000745580000)
 Metaspace       used 20612K, capacity 21202K, committed 21296K, reserved 1069056K
  class space    used 2454K, capacity 2679K, committed 2688K, reserved 1048576K
Event: 11.041 GC heap after
Heap after GC invocations=6 (full 1):
 PSYoungGen      total 138240K, used 0K [0x0000000795580000, 0x00000007a7c80000, 0x00000007c0000000)
  eden space 133120K, 0% used [0x0000000795580000,0x0000000795580000,0x000000079d780000)
  from space 5120K, 0% used [0x000000079d780000,0x000000079d780000,0x000000079dc80000)
  to   space 17920K, 0% used [0x00000007a6b00000,0x00000007a6b00000,0x00000007a7c80000)
 ParOldGen       total 87040K, used 23895K [0x0000000740000000, 0x0000000745500000, 0x0000000795580000)
  object space 87040K, 27% used [0x0000000740000000,0x0000000741755f50,0x0000000745500000)
 Metaspace       used 20612K, capacity 21202K, committed 21296K, reserved 1069056K
  class space    used 2454K, capacity 2679K, committed 2688K, reserved 1048576K
}
Event: 14.606 GC heap before
{Heap before GC invocations=7 (full 1):
 PSYoungGen      total 138240K, used 133120K [0x0000000795580000, 0x00000007a7c80000, 0x00000007c0000000)
  eden space 133120K, 100% used [0x0000000795580000,0x000000079d780000,0x000000079d780000)
  from space 5120K, 0% used [0x000000079d780000,0x000000079d780000,0x000000079dc80000)
  to   space 17920K, 0% used [0x00000007a6b00000,0x00000007a6b00000,0x00000007a7c80000)
 ParOldGen       total 87040K, used 23895K [0x0000000740000000, 0x0000000745500000, 0x0000000795580000)
  object space 87040K, 27% used [0x0000000740000000,0x0000000741755f50,0x0000000745500000)
 Metaspace       used 26764K, capacity 27622K, committed 27776K, reserved 1073152K
  class space    used 3178K, capacity 3437K, committed 3456K, reserved 1048576K
Event: 14.666 GC heap after
Heap after GC invocations=7 (full 1):
 PSYoungGen      total 215552K, used 17904K [0x0000000795580000, 0x00000007a7c80000, 0x00000007c0000000)
  eden space 197632K, 0% used [0x0000000795580000,0x0000000795580000,0x00000007a1680000)
  from space 17920K, 99% used [0x00000007a6b00000,0x00000007a7c7c2d0,0x00000007a7c80000)
  to   space 22528K, 0% used [0x00000007a5080000,0x00000007a5080000,0x00000007a6680000)
 ParOldGen       total 87040K, used 26037K [0x0000000740000000, 0x0000000745500000, 0x0000000795580000)
  object space 87040K, 29% used [0x0000000740000000,0x000000074196d740,0x0000000745500000)
 Metaspace       used 26764K, capacity 27622K, committed 27776K, reserved 1073152K
  class space    used 3178K, capacity 3437K, committed 3456K, reserved 1048576K
}
Event: 26.197 GC heap before
{Heap before GC invocations=8 (full 1):
 PSYoungGen      total 215552K, used 213881K [0x0000000795580000, 0x00000007a7c80000, 0x00000007c0000000)
  eden space 197632K, 99% used [0x0000000795580000,0x00000007a14e2260,0x00000007a1680000)
  from space 17920K, 99% used [0x00000007a6b00000,0x00000007a7c7c2d0,0x00000007a7c80000)
  to   space 22528K, 0% used [0x00000007a5080000,0x00000007a5080000,0x00000007a6680000)
 ParOldGen       total 87040K, used 26037K [0x0000000740000000, 0x0000000745500000, 0x0000000795580000)
  object space 87040K, 29% used [0x0000000740000000,0x000000074196d740,0x0000000745500000)
 Metaspace       used 34008K, capacity 35114K, committed 35328K, reserved 1081344K
  class space    used 3955K, capacity 4292K, committed 4352K, reserved 1048576K
Event: 26.273 GC heap after
Heap after GC invocations=8 (full 1):
 PSYoungGen      total 279552K, used 22522K [0x0000000795580000, 0x00000007a9f80000, 0x00000007c0000000)
  eden space 257024K, 0% used [0x0000000795580000,0x0000000795580000,0x00000007a5080000)
  from space 22528K, 99% used [0x00000007a5080000,0x00000007a667e8a0,0x00000007a6680000)
  to   space 27136K, 0% used [0x00000007a8500000,0x00000007a8500000,0x00000007a9f80000)
 ParOldGen       total 87040K, used 27948K [0x0000000740000000, 0x0000000745500000, 0x0000000795580000)
  object space 87040K, 32% used [0x0000000740000000,0x0000000741b4b1b8,0x0000000745500000)
 Metaspace       used 34008K, capacity 35114K, committed 35328K, reserved 1081344K
  class space    used 3955K, capacity 4292K, committed 4352K, reserved 1048576K
}
Event: 26.372 GC heap before
{Heap before GC invocations=9 (full 1):
 PSYoungGen      total 279552K, used 51221K [0x0000000795580000, 0x00000007a9f80000, 0x00000007c0000000)
  eden space 257024K, 11% used [0x0000000795580000,0x0000000797186d88,0x00000007a5080000)
  from space 22528K, 99% used [0x00000007a5080000,0x00000007a667e8a0,0x00000007a6680000)
  to   space 27136K, 0% used [0x00000007a8500000,0x00000007a8500000,0x00000007a9f80000)
 ParOldGen       total 87040K, used 27948K [0x0000000740000000, 0x0000000745500000, 0x0000000795580000)
  object space 87040K, 32% used [0x0000000740000000,0x0000000741b4b1b8,0x0000000745500000)
 Metaspace       used 34212K, capacity 35306K, committed 35456K, reserved 1081344K
  class space    used 3982K, capacity 4356K, committed 4480K, reserved 1048576K
Event: 26.483 GC heap after
Heap after GC invocations=9 (full 1):
 PSYoungGen      total 301568K, used 27109K [0x0000000795580000, 0x00000007b7000000, 0x00000007c0000000)
  eden space 274432K, 0% used [0x0000000795580000,0x0000000795580000,0x00000007a6180000)
  from space 27136K, 99% used [0x00000007a8500000,0x00000007a9f79780,0x00000007a9f80000)
  to   space 36352K, 0% used [0x00000007a6180000,0x00000007a6180000,0x00000007a8500000)
 ParOldGen       total 87040K, used 39165K [0x0000000740000000, 0x0000000745500000, 0x0000000795580000)
  object space 87040K, 44% used [0x0000000740000000,0x000000074263f5d0,0x0000000745500000)
 Metaspace       used 34212K, capacity 35306K, committed 35456K, reserved 1081344K
  class space    used 3982K, capacity 4356K, committed 4480K, reserved 1048576K
}
Event: 26.483 GC heap before
{Heap before GC invocations=10 (full 2):
 PSYoungGen      total 301568K, used 27109K [0x0000000795580000, 0x00000007b7000000, 0x00000007c0000000)
  eden space 274432K, 0% used [0x0000000795580000,0x0000000795580000,0x00000007a6180000)
  from space 27136K, 99% used [0x00000007a8500000,0x00000007a9f79780,0x00000007a9f80000)
  to   space 36352K, 0% used [0x00000007a6180000,0x00000007a6180000,0x00000007a8500000)
 ParOldGen       total 87040K, used 39165K [0x0000000740000000, 0x0000000745500000, 0x0000000795580000)
  object space 87040K, 44% used [0x0000000740000000,0x000000074263f5d0,0x0000000745500000)
 Metaspace       used 34212K, capacity 35306K, committed 35456K, reserved 1081344K
  class space    used 3982K, capacity 4356K, committed 4480K, reserved 1048576K
Event: 26.757 GC heap after
Heap after GC invocations=10 (full 2):
 PSYoungGen      total 301568K, used 0K [0x0000000795580000, 0x00000007b7000000, 0x00000007c0000000)
  eden space 274432K, 0% used [0x0000000795580000,0x0000000795580000,0x00000007a6180000)
  from space 27136K, 0% used [0x00000007a8500000,0x00000007a8500000,0x00000007a9f80000)
  to   space 36352K, 0% used [0x00000007a6180000,0x00000007a6180000,0x00000007a8500000)
 ParOldGen       total 131584K, used 60319K [0x0000000740000000, 0x0000000748080000, 0x0000000795580000)
  object space 131584K, 45% used [0x0000000740000000,0x0000000743ae7c80,0x0000000748080000)
 Metaspace       used 33717K, capacity 34602K, committed 35456K, reserved 1081344K
  class space    used 3928K, capacity 4256K, committed 4480K, reserved 1048576K
}

